生成启动时间为 2020/11/17 9:07:13。
     1>项目“D:\编程\visual stdio 2013\2020--11-16\2020--11-16\2020--11-16.vcxproj”在节点 2 上(Build 个目标)。
     1>ClCompile:
         D:\Program Files (x86)\Microsoft Visual Studio 12.0\VC\bin\CL.exe /c /ZI /nologo /W3 /WX- /sdl /Od /Oy- /D _MBCS /Gm /EHsc /RTC1 /MDd /GS /fp:precise /Zc:wchar_t /Zc:forScope /Fo"Debug\\" /Fd"Debug\vc120.pdb" /Gd /TC /analyze- /errorReport:prompt "星期一.c"
         星期一.c
     1>d:\编程\visual stdio 2013\2020--11-16\2020--11-16\星期一.c(53): error C2146: 语法错误: 缺少“)”(在标识符“ps”的前面)
     1>d:\编程\visual stdio 2013\2020--11-16\2020--11-16\星期一.c(53): error C2061: 语法错误: 标识符“ps”
     1>d:\编程\visual stdio 2013\2020--11-16\2020--11-16\星期一.c(53): error C2059: 语法错误:“;”
     1>d:\编程\visual stdio 2013\2020--11-16\2020--11-16\星期一.c(53): error C2059: 语法错误:“)”
     1>d:\编程\visual stdio 2013\2020--11-16\2020--11-16\星期一.c(54): error C2449: 在文件范围内找到“{”(是否缺少函数头?)
     1>d:\编程\visual stdio 2013\2020--11-16\2020--11-16\星期一.c(57): error C2059: 语法错误:“}”
     1>已完成生成项目“D:\编程\visual stdio 2013\2020--11-16\2020--11-16\2020--11-16.vcxproj”(Build 个目标)的操作 - 失败。

生成失败。

已用时间 00:00:00.11
