生成启动时间为 2020/11/25 0:44:54。
     1>项目“D:\编程\visual stdio 2013\2020-11+24\2020-11+24\2020-11+24.vcxproj”在节点 2 上(Build 个目标)。
     1>ClCompile:
         D:\Program Files (x86)\Microsoft Visual Studio 12.0\VC\bin\CL.exe /c /ZI /nologo /W3 /WX- /sdl /Od /Oy- /D _MBCS /Gm /EHsc /RTC1 /MDd /GS /fp:precise /Zc:wchar_t /Zc:forScope /Fo"Debug\\" /Fd"Debug\vc120.pdb" /Gd /TC /analyze- /errorReport:prompt 852.c
         852.c
     1>d:\编程\visual stdio 2013\2020-11+24\2020-11+24\852.c(79): error C2054: 在“i”之后应输入“(”
     1>d:\编程\visual stdio 2013\2020-11+24\2020-11+24\852.c(79): error C2057: 应输入常量表达式
     1>d:\编程\visual stdio 2013\2020-11+24\2020-11+24\852.c(79): error C2466: 不能分配常量大小为 0 的数组
     1>d:\编程\visual stdio 2013\2020-11+24\2020-11+24\852.c(80): error C2085: “printf12”: 不在形参表中
     1>d:\编程\visual stdio 2013\2020-11+24\2020-11+24\852.c(80): error C2143: 语法错误 : 缺少“;”(在“{”的前面)
     1>d:\编程\visual stdio 2013\2020-11+24\2020-11+24\852.c(90): warning C4013: “printf12”未定义；假设外部返回 int
     1>已完成生成项目“D:\编程\visual stdio 2013\2020-11+24\2020-11+24\2020-11+24.vcxproj”(Build 个目标)的操作 - 失败。

生成失败。

已用时间 00:00:00.24
